[2019-08-17 15:35:05,441](DEBUG)scanSocketServer : Start 8001
[2019-08-17 15:35:05,443](DEBUG)scanSocketServer : start server
[2019-08-17 15:35:10,408](DEBUG)scanSocketServer : start: {'callback': 'jQuery11010015293990462306617_1566027310362', 'method': 'isAlive', '_': '1566027310363'}
[2019-08-17 15:35:10,408](DEBUG)scanSocketServer : start: {"isSuccess": true, "info": "isAlive success", "data": null}
[2019-08-17 15:35:10,411](DEBUG)scanSocketServer : send mes 0
[2019-08-17 15:35:10,411](DEBUG)scanSocketServer : start server
[2019-08-17 15:38:59,552](DEBUG)scanSocketServer : start: {'callback': 'jQuery110106468713390880154_1566027539510', 'method': 'isAlive', '_': '1566027539511'}
[2019-08-17 15:38:59,552](DEBUG)scanSocketServer : start: {"isSuccess": true, "info": "isAlive success", "data": null}
[2019-08-17 15:38:59,559](DEBUG)scanSocketServer : send mes 0
[2019-08-17 15:38:59,559](DEBUG)scanSocketServer : start server
[2019-08-17 15:40:13,227](DEBUG)scanSocketServer : start: {'ds_name': 'Canon DR-C240 TWAIN', 'callback': 'success_jsonpCallback', 'dpi': '200', 'method': 'scan', '_': '1566027539512', 'imageFormat': 'jpg'}
[2019-08-17 15:40:56,016](DEBUG)scanSocketServer : start: {"isSuccess": false, "info": "Scan Error,method:scan", "data": null}
[2019-08-17 15:40:56,017](DEBUG)scanSocketServer : send mes 0
[2019-08-17 15:40:56,019](DEBUG)scanSocketServer : start server
[2019-08-17 15:41:17,023](DEBUG)scanSocketServer : start: {'callback': 'jQuery11110417363471330749_1566027676986', 'method': 'isAlive', '_': '1566027676987'}
[2019-08-17 15:41:17,023](DEBUG)scanSocketServer : start: {"isSuccess": true, "info": "isAlive success", "data": null}
[2019-08-17 15:41:17,025](DEBUG)scanSocketServer : send mes 0
[2019-08-17 15:41:17,025](DEBUG)scanSocketServer : start server
[2019-08-17 15:41:21,848](DEBUG)scanSocketServer : start: {'callback': 'jQuery1111016199964730288885_1566027681838', 'method': 'isAlive', '_': '1566027681839'}
[2019-08-17 15:41:21,848](DEBUG)scanSocketServer : start: {"isSuccess": true, "info": "isAlive success", "data": null}
[2019-08-17 15:41:21,849](DEBUG)scanSocketServer : send mes 0
[2019-08-17 15:41:21,849](DEBUG)scanSocketServer : start server
[2019-08-17 15:41:21,851](DEBUG)scanSocketServer : start: {'callback': 'jQuery1111016199964730288885_1566027681840', 'method': 'getDsList', '_': '1566027681841'}
[2019-08-17 15:41:21,851](DEBUG)scanSocketServer : start: {"isSuccess": true, "info": "getDsList success", "data": ["AVF360", "Canon DR-C240 TWAIN", "HP LJ500 M570 Scan Driver TWAIN", "HP Officejet Pro X576dw TWAIN"]}
[2019-08-17 15:41:21,851](DEBUG)scanSocketServer : send mes 0
[2019-08-17 15:41:21,851](DEBUG)scanSocketServer : start server
[2019-08-17 15:42:26,552](DEBUG)scanSocketServer : Start 8001
[2019-08-17 15:42:26,553](DEBUG)scanSocketServer : start server
[2019-08-17 15:42:41,427](DEBUG)scanSocketServer : start: {'callback': 'jQuery11010008620020565038411_1566027761397', 'method': 'isAlive', '_': '1566027761398'}
[2019-08-17 15:42:41,427](DEBUG)scanSocketServer : start: {"isSuccess": true, "info": "isAlive success", "data": null}
[2019-08-17 15:42:41,430](DEBUG)scanSocketServer : send mes 0
[2019-08-17 15:42:41,430](DEBUG)scanSocketServer : start server
[2019-08-17 15:43:40,344](DEBUG)scanSocketServer : start: {'ds_name': 'Canon DR-C240 TWAIN', 'callback': 'success_jsonpCallback', 'dpi': '200', 'method': 'scan', '_': '1566027761399', 'imageFormat': 'jpg'}
[2019-08-17 15:43:40,566](DEBUG)scanSocketServer : scan time：0
[2019-08-17 15:43:40,566](DEBUG)scanSocketServer : scan: [{'path': 'D:/temp/image/1.jpg'}, {'path': 'D:/temp/image/2.jpg'}, {'path': 'D:/temp/image/3.jpg'}]
[2019-08-17 15:43:40,568](DEBUG)scanSocketServer : start: {"isSuccess": true, "info": "scan success", "data": [{"path": "D:/temp/image/1.jpg"}, {"path": "D:/temp/image/2.jpg"}, {"path": "D:/temp/image/3.jpg"}]}
[2019-08-17 15:43:40,569](DEBUG)scanSocketServer : send mes 0
[2019-08-17 15:43:40,571](DEBUG)scanSocketServer : start server
[2019-08-17 15:59:10,615](DEBUG)scanSocketServer : start: {'callback': 'jQuery1101020090328950052472_1566028750559', 'method': 'isAlive', '_': '1566028750560'}
[2019-08-17 15:59:10,615](DEBUG)scanSocketServer : start: {"isSuccess": true, "info": "isAlive success", "data": null}
[2019-08-17 15:59:10,615](DEBUG)scanSocketServer : send mes 0
[2019-08-17 15:59:10,617](DEBUG)scanSocketServer : start server
[2019-08-17 16:09:21,940](DEBUG)scanSocketServer : start: {'ds_name': 'Canon DR-C240 TWAIN', 'callback': 'success_jsonpCallback', 'dpi': '200', 'method': 'scan', '_': '1566028750561', 'imageFormat': 'jpg'}
[2019-08-17 16:09:21,943](DEBUG)scanSocketServer : scan time：0
[2019-08-17 16:09:21,944](DEBUG)scanSocketServer : scan: [{'path': 'D:/temp/image/1.jpg'}, {'path': 'D:/temp/image/2.jpg'}, {'path': 'D:/temp/image/3.jpg'}]
[2019-08-17 16:09:21,944](DEBUG)scanSocketServer : start: {"isSuccess": true, "info": "scan success", "data": [{"path": "D:/temp/image/1.jpg"}, {"path": "D:/temp/image/2.jpg"}, {"path": "D:/temp/image/3.jpg"}]}
[2019-08-17 16:09:21,946](DEBUG)scanSocketServer : send mes 0
[2019-08-17 16:09:21,947](DEBUG)scanSocketServer : start server
[2019-08-17 16:20:55,414](DEBUG)scanSocketServer : start: {'callback': 'jQuery110107245266046895249_1566030055368', 'method': 'isAlive', '_': '1566030055369'}
[2019-08-17 16:20:55,414](DEBUG)scanSocketServer : start: {"isSuccess": true, "info": "isAlive success", "data": null}
[2019-08-17 16:20:55,414](DEBUG)scanSocketServer : send mes 0
[2019-08-17 16:20:55,414](DEBUG)scanSocketServer : start server
[2019-08-17 16:21:40,967](DEBUG)scanSocketServer : start: {'ds_name': 'Canon DR-C240 TWAIN', 'callback': 'success_jsonpCallback', 'dpi': '200', 'method': 'scan', '_': '1566030055370', 'imageFormat': 'jpg'}
[2019-08-17 16:21:40,969](DEBUG)scanSocketServer : scan time：0
[2019-08-17 16:21:40,970](DEBUG)scanSocketServer : scan: [{'path': 'D:/temp/image/1.jpg'}, {'path': 'D:/temp/image/2.jpg'}, {'path': 'D:/temp/image/3.jpg'}]
[2019-08-17 16:21:40,970](DEBUG)scanSocketServer : start: {"isSuccess": true, "info": "scan success", "data": [{"path": "D:/temp/image/1.jpg"}, {"path": "D:/temp/image/2.jpg"}, {"path": "D:/temp/image/3.jpg"}]}
[2019-08-17 16:21:40,973](DEBUG)scanSocketServer : send mes 0
[2019-08-17 16:21:40,973](DEBUG)scanSocketServer : start server
[2019-08-17 16:24:52,400](DEBUG)scanSocketServer : start: {'callback': 'jQuery110104439774428465919_1566030292356', 'method': 'isAlive', '_': '1566030292357'}
[2019-08-17 16:24:52,400](DEBUG)scanSocketServer : start: {"isSuccess": true, "info": "isAlive success", "data": null}
[2019-08-17 16:24:52,401](DEBUG)scanSocketServer : send mes 0
[2019-08-17 16:24:52,401](DEBUG)scanSocketServer : start server
[2019-08-17 16:28:46,237](DEBUG)scanSocketServer : start: {'callback': 'jQuery1101015370358514672722_1566030526202', 'method': 'isAlive', '_': '1566030526203'}
[2019-08-17 16:28:46,239](DEBUG)scanSocketServer : start: {"isSuccess": true, "info": "isAlive success", "data": null}
[2019-08-17 16:28:46,239](DEBUG)scanSocketServer : send mes 0
[2019-08-17 16:28:46,240](DEBUG)scanSocketServer : start server
[2019-08-17 16:29:33,739](DEBUG)scanSocketServer : start: {'ds_name': 'Canon DR-C240 TWAIN', 'callback': 'success_jsonpCallback', 'dpi': '200', 'method': 'scan', '_': '1566030526204', 'imageFormat': 'jpg'}
[2019-08-17 16:29:33,740](DEBUG)scanSocketServer : scan time：0
[2019-08-17 16:29:33,740](DEBUG)scanSocketServer : scan: [{'path': 'D:/temp/image/1.jpg'}, {'path': 'D:/temp/image/2.jpg'}, {'path': 'D:/temp/image/3.jpg'}]
[2019-08-17 16:29:33,742](DEBUG)scanSocketServer : start: {"isSuccess": true, "info": "scan success", "data": [{"path": "D:/temp/image/1.jpg"}, {"path": "D:/temp/image/2.jpg"}, {"path": "D:/temp/image/3.jpg"}]}
[2019-08-17 16:29:33,743](DEBUG)scanSocketServer : send mes 0
[2019-08-17 16:29:33,743](DEBUG)scanSocketServer : start server
[2019-08-17 16:30:16,151](DEBUG)scanSocketServer : start: {'callback': 'jQuery11010061949857697481514_1566030616118', 'method': 'isAlive', '_': '1566030616119'}
[2019-08-17 16:30:16,151](DEBUG)scanSocketServer : start: {"isSuccess": true, "info": "isAlive success", "data": null}
[2019-08-17 16:30:16,153](DEBUG)scanSocketServer : send mes 0
[2019-08-17 16:30:16,153](DEBUG)scanSocketServer : start server
[2019-08-17 16:30:22,884](DEBUG)scanSocketServer : start: {'callback': 'jQuery110102735416748001618_1566030622815', 'method': 'isAlive', '_': '1566030622816'}
[2019-08-17 16:30:22,884](DEBUG)scanSocketServer : start: {"isSuccess": true, "info": "isAlive success", "data": null}
[2019-08-17 16:30:22,884](DEBUG)scanSocketServer : send mes 0
[2019-08-17 16:30:22,885](DEBUG)scanSocketServer : start server
[2019-08-17 16:31:26,650](DEBUG)scanSocketServer : start: {'callback': 'jQuery1101047668671393926276_1566030686575', 'method': 'isAlive', '_': '1566030686576'}
[2019-08-17 16:31:26,651](DEBUG)scanSocketServer : start: {"isSuccess": true, "info": "isAlive success", "data": null}
[2019-08-17 16:31:26,651](DEBUG)scanSocketServer : send mes 0
[2019-08-17 16:31:26,651](DEBUG)scanSocketServer : start server
[2019-08-17 16:31:56,456](DEBUG)scanSocketServer : start: {'callback': 'jQuery110105719424645878866_1566030716403', 'method': 'isAlive', '_': '1566030716404'}
[2019-08-17 16:31:56,457](DEBUG)scanSocketServer : start: {"isSuccess": true, "info": "isAlive success", "data": null}
[2019-08-17 16:31:56,457](DEBUG)scanSocketServer : send mes 0
[2019-08-17 16:31:56,457](DEBUG)scanSocketServer : start server
[2019-08-17 16:32:16,367](DEBUG)scanSocketServer : start: {'callback': 'jQuery110108688508427414499_1566030736289', 'method': 'isAlive', '_': '1566030736290'}
[2019-08-17 16:32:16,368](DEBUG)scanSocketServer : start: {"isSuccess": true, "info": "isAlive success", "data": null}
[2019-08-17 16:32:16,368](DEBUG)scanSocketServer : send mes 0
[2019-08-17 16:32:16,368](DEBUG)scanSocketServer : start server
[2019-08-17 16:42:14,377](DEBUG)scanSocketServer : start: {'callback': 'jQuery110106245847822226185_1566031334331', 'method': 'isAlive', '_': '1566031334332'}
[2019-08-17 16:42:14,378](DEBUG)scanSocketServer : start: {"isSuccess": true, "info": "isAlive success", "data": null}
[2019-08-17 16:42:14,378](DEBUG)scanSocketServer : send mes 0
[2019-08-17 16:42:14,378](DEBUG)scanSocketServer : start server
[2019-08-17 16:42:25,009](DEBUG)scanSocketServer : start: {'ds_name': 'Canon DR-C240 TWAIN', 'callback': 'success_jsonpCallback', 'dpi': '200', 'method': 'scan', '_': '1566031334333', 'imageFormat': 'jpg'}
[2019-08-17 16:42:25,012](DEBUG)scanSocketServer : scan time：0
[2019-08-17 16:42:25,012](DEBUG)scanSocketServer : scan: [{'path': 'D:/temp/image/1.jpg'}, {'path': 'D:/temp/image/2.jpg'}, {'path': 'D:/temp/image/3.jpg'}]
[2019-08-17 16:42:25,013](DEBUG)scanSocketServer : start: {"isSuccess": true, "info": "scan success", "data": [{"path": "D:/temp/image/1.jpg"}, {"path": "D:/temp/image/2.jpg"}, {"path": "D:/temp/image/3.jpg"}]}
[2019-08-17 16:42:25,013](DEBUG)scanSocketServer : send mes 0
[2019-08-17 16:42:25,015](DEBUG)scanSocketServer : start server
[2019-08-17 16:48:43,578](DEBUG)scanSocketServer : start: {'callback': 'jQuery1101027250292568706524_1566031723493', 'method': 'isAlive', '_': '1566031723494'}
[2019-08-17 16:48:43,579](DEBUG)scanSocketServer : start: {"isSuccess": true, "info": "isAlive success", "data": null}
[2019-08-17 16:48:43,581](DEBUG)scanSocketServer : send mes 0
[2019-08-17 16:48:43,581](DEBUG)scanSocketServer : start server
[2019-08-17 16:48:50,016](DEBUG)scanSocketServer : start: {'ds_name': 'Canon DR-C240 TWAIN', 'callback': 'success_jsonpCallback', 'dpi': '200', 'method': 'scan', '_': '1566031723495', 'imageFormat': 'jpg'}
[2019-08-17 16:48:50,017](DEBUG)scanSocketServer : scan time：0
[2019-08-17 16:48:50,019](DEBUG)scanSocketServer : scan: [{'path': 'D:/temp/image/1.jpg'}, {'path': 'D:/temp/image/2.jpg'}, {'path': 'D:/temp/image/3.jpg'}]
[2019-08-17 16:48:50,019](DEBUG)scanSocketServer : start: {"isSuccess": true, "info": "scan success", "data": [{"path": "D:/temp/image/1.jpg"}, {"path": "D:/temp/image/2.jpg"}, {"path": "D:/temp/image/3.jpg"}]}
[2019-08-17 16:48:50,019](DEBUG)scanSocketServer : send mes 0
[2019-08-17 16:48:50,019](DEBUG)scanSocketServer : start server
[2019-08-17 17:01:13,345](DEBUG)scanSocketServer : start: {'callback': 'jQuery11010997055906145933_1566032473310', 'method': 'isAlive', '_': '1566032473311'}
[2019-08-17 17:01:13,345](DEBUG)scanSocketServer : start: {"isSuccess": true, "info": "isAlive success", "data": null}
[2019-08-17 17:01:13,346](DEBUG)scanSocketServer : send mes 0
[2019-08-17 17:01:13,348](DEBUG)scanSocketServer : start server
[2019-08-17 17:01:35,365](DEBUG)scanSocketServer : start: {'ds_name': 'Canon DR-C240 TWAIN', 'callback': 'success_jsonpCallback', 'dpi': '200', 'method': 'scan', '_': '1566032473312', 'imageFormat': 'jpg'}
[2019-08-17 17:01:35,367](DEBUG)scanSocketServer : scan time：0
[2019-08-17 17:01:35,368](DEBUG)scanSocketServer : scan: [{'path': 'D:/temp/image/1.jpg'}, {'path': 'D:/temp/image/2.jpg'}, {'path': 'D:/temp/image/3.jpg'}]
[2019-08-17 17:01:35,368](DEBUG)scanSocketServer : start: {"isSuccess": true, "info": "scan success", "data": [{"path": "D:/temp/image/1.jpg"}, {"path": "D:/temp/image/2.jpg"}, {"path": "D:/temp/image/3.jpg"}]}
[2019-08-17 17:01:35,368](DEBUG)scanSocketServer : send mes 0
[2019-08-17 17:01:35,369](DEBUG)scanSocketServer : start server
[2019-08-17 17:01:58,542](DEBUG)scanSocketServer : start: {'callback': 'jQuery110104756934150171128_1566032518499', 'method': 'isAlive', '_': '1566032518500'}
[2019-08-17 17:01:58,542](DEBUG)scanSocketServer : start: {"isSuccess": true, "info": "isAlive success", "data": null}
[2019-08-17 17:01:58,542](DEBUG)scanSocketServer : send mes 0
[2019-08-17 17:01:58,543](DEBUG)scanSocketServer : start server
[2019-08-17 17:02:07,286](DEBUG)scanSocketServer : start: {'ds_name': 'Canon DR-C240 TWAIN', 'callback': 'success_jsonpCallback', 'dpi': '200', 'method': 'scan', '_': '1566032518501', 'imageFormat': 'jpg'}
[2019-08-17 17:02:07,286](DEBUG)scanSocketServer : scan time：0
[2019-08-17 17:02:07,288](DEBUG)scanSocketServer : scan: [{'path': 'D:/temp/image/1.jpg'}, {'path': 'D:/temp/image/2.jpg'}, {'path': 'D:/temp/image/3.jpg'}]
[2019-08-17 17:02:07,288](DEBUG)scanSocketServer : start: {"isSuccess": true, "info": "scan success", "data": [{"path": "D:/temp/image/1.jpg"}, {"path": "D:/temp/image/2.jpg"}, {"path": "D:/temp/image/3.jpg"}]}
[2019-08-17 17:02:07,289](DEBUG)scanSocketServer : send mes 0
[2019-08-17 17:02:07,289](DEBUG)scanSocketServer : start server
[2019-08-17 17:02:43,723](DEBUG)scanSocketServer : start: {'callback': 'jQuery110107214012381198831_1566032563686', 'method': 'isAlive', '_': '1566032563687'}
[2019-08-17 17:02:43,723](DEBUG)scanSocketServer : start: {"isSuccess": true, "info": "isAlive success", "data": null}
[2019-08-17 17:02:43,724](DEBUG)scanSocketServer : send mes 0
[2019-08-17 17:02:43,724](DEBUG)scanSocketServer : start server
[2019-08-17 17:03:33,220](DEBUG)scanSocketServer : start: {'ds_name': 'Canon DR-C240 TWAIN', 'callback': 'success_jsonpCallback', 'dpi': '200', 'method': 'scan', '_': '1566032563688', 'imageFormat': 'jpg'}
[2019-08-17 17:03:33,221](DEBUG)scanSocketServer : scan time：0
[2019-08-17 17:03:33,221](DEBUG)scanSocketServer : scan: [{'path': 'D:/temp/image/1.jpg'}, {'path': 'D:/temp/image/2.jpg'}, {'path': 'D:/temp/image/3.jpg'}]
[2019-08-17 17:03:33,223](DEBUG)scanSocketServer : start: {"isSuccess": true, "info": "scan success", "data": [{"path": "D:/temp/image/1.jpg"}, {"path": "D:/temp/image/2.jpg"}, {"path": "D:/temp/image/3.jpg"}]}
[2019-08-17 17:03:33,223](DEBUG)scanSocketServer : send mes 0
[2019-08-17 17:03:33,224](DEBUG)scanSocketServer : start server
[2019-08-17 17:04:04,536](DEBUG)scanSocketServer : start: {'callback': 'jQuery1101008605966444005486_1566032644500', 'method': 'isAlive', '_': '1566032644501'}
[2019-08-17 17:04:04,536](DEBUG)scanSocketServer : start: {"isSuccess": true, "info": "isAlive success", "data": null}
[2019-08-17 17:04:04,536](DEBUG)scanSocketServer : send mes 0
[2019-08-17 17:04:04,536](DEBUG)scanSocketServer : start server
[2019-08-17 17:04:37,618](DEBUG)scanSocketServer : start: {'callback': 'jQuery110103461657892804044_1566032677543', 'method': 'isAlive', '_': '1566032677544'}
[2019-08-17 17:04:37,618](DEBUG)scanSocketServer : start: {"isSuccess": true, "info": "isAlive success", "data": null}
[2019-08-17 17:04:37,619](DEBUG)scanSocketServer : send mes 0
[2019-08-17 17:04:37,619](DEBUG)scanSocketServer : start server
[2019-08-17 17:05:29,474](DEBUG)scanSocketServer : start: {'ds_name': 'Canon DR-C240 TWAIN', 'callback': 'success_jsonpCallback', 'dpi': '200', 'method': 'scan', '_': '1566032677545', 'imageFormat': 'jpg'}
[2019-08-17 17:05:29,476](DEBUG)scanSocketServer : scan time：0
[2019-08-17 17:05:29,476](DEBUG)scanSocketServer : scan: [{'path': 'D:/temp/image/1.jpg'}, {'path': 'D:/temp/image/2.jpg'}, {'path': 'D:/temp/image/3.jpg'}]
[2019-08-17 17:05:29,476](DEBUG)scanSocketServer : start: {"isSuccess": true, "info": "scan success", "data": [{"path": "D:/temp/image/1.jpg"}, {"path": "D:/temp/image/2.jpg"}, {"path": "D:/temp/image/3.jpg"}]}
[2019-08-17 17:05:29,476](DEBUG)scanSocketServer : send mes 0
[2019-08-17 17:05:29,477](DEBUG)scanSocketServer : start server
[2019-08-17 17:18:41,742](DEBUG)scanSocketServer : start: {'callback': 'jQuery110103148077449731703_1566033521676', 'method': 'isAlive', '_': '1566033521677'}
[2019-08-17 17:18:41,743](DEBUG)scanSocketServer : start: {"isSuccess": true, "info": "isAlive success", "data": null}
[2019-08-17 17:18:41,743](DEBUG)scanSocketServer : send mes 0
[2019-08-17 17:18:41,743](DEBUG)scanSocketServer : start server
[2019-08-17 17:18:44,082](DEBUG)scanSocketServer : start: {'callback': 'jQuery110107789386563307732_1566033524026', 'method': 'isAlive', '_': '1566033524027'}
[2019-08-17 17:18:44,082](DEBUG)scanSocketServer : start: {"isSuccess": true, "info": "isAlive success", "data": null}
[2019-08-17 17:18:44,082](DEBUG)scanSocketServer : send mes 0
[2019-08-17 17:18:44,084](DEBUG)scanSocketServer : start server
[2019-08-17 17:24:02,372](DEBUG)scanSocketServer : start: {'callback': 'jQuery1101042427526837374785_1566033842307', 'method': 'isAlive', '_': '1566033842308'}
[2019-08-17 17:24:02,372](DEBUG)scanSocketServer : start: {"isSuccess": true, "info": "isAlive success", "data": null}
[2019-08-17 17:24:02,374](DEBUG)scanSocketServer : send mes 0
[2019-08-17 17:24:02,374](DEBUG)scanSocketServer : start server
[2019-08-17 17:26:08,198](DEBUG)scanSocketServer : start: {'callback': 'jQuery110107736421952821588_1566033968129', 'method': 'isAlive', '_': '1566033968130'}
[2019-08-17 17:26:08,200](DEBUG)scanSocketServer : start: {"isSuccess": true, "info": "isAlive success", "data": null}
[2019-08-17 17:26:08,200](DEBUG)scanSocketServer : send mes 0
[2019-08-17 17:26:08,200](DEBUG)scanSocketServer : start server
[2019-08-17 17:28:34,723](DEBUG)scanSocketServer : start: {'callback': 'jQuery110105637353641838081_1566034114660', 'method': 'isAlive', '_': '1566034114661'}
[2019-08-17 17:28:34,723](DEBUG)scanSocketServer : start: {"isSuccess": true, "info": "isAlive success", "data": null}
[2019-08-17 17:28:34,724](DEBUG)scanSocketServer : send mes 0
[2019-08-17 17:28:34,724](DEBUG)scanSocketServer : start server
[2019-08-17 17:28:46,742](DEBUG)scanSocketServer : start: {'callback': 'jQuery110109282660017713182_1566034126663', 'method': 'isAlive', '_': '1566034126664'}
[2019-08-17 17:28:46,742](DEBUG)scanSocketServer : start: {"isSuccess": true, "info": "isAlive success", "data": null}
[2019-08-17 17:28:46,742](DEBUG)scanSocketServer : send mes 0
[2019-08-17 17:28:46,743](DEBUG)scanSocketServer : start server
[2019-08-17 17:28:56,872](DEBUG)scanSocketServer : start: {'ds_name': 'Canon DR-C240 TWAIN', 'callback': 'success_jsonpCallback', 'dpi': '200', 'method': 'scan', '_': '1566034126665', 'imageFormat': 'jpg'}
[2019-08-17 17:28:56,875](DEBUG)scanSocketServer : scan time：0
[2019-08-17 17:28:56,875](DEBUG)scanSocketServer : scan: [{'path': 'D:/temp/image/1.jpg'}, {'path': 'D:/temp/image/2.jpg'}, {'path': 'D:/temp/image/3.jpg'}]
[2019-08-17 17:28:56,875](DEBUG)scanSocketServer : start: {"isSuccess": true, "info": "scan success", "data": [{"path": "D:/temp/image/1.jpg"}, {"path": "D:/temp/image/2.jpg"}, {"path": "D:/temp/image/3.jpg"}]}
[2019-08-17 17:28:56,877](DEBUG)scanSocketServer : send mes 0
[2019-08-17 17:28:56,878](DEBUG)scanSocketServer : start server
[2019-08-17 17:31:32,588](DEBUG)scanSocketServer : start: {'callback': 'jQuery110105146815283400581_1566034292528', 'method': 'isAlive', '_': '1566034292529'}
[2019-08-17 17:31:32,588](DEBUG)scanSocketServer : start: {"isSuccess": true, "info": "isAlive success", "data": null}
[2019-08-17 17:31:32,588](DEBUG)scanSocketServer : send mes 0
[2019-08-17 17:31:32,589](DEBUG)scanSocketServer : start server
[2019-08-17 17:31:45,729](DEBUG)scanSocketServer : start: {'callback': 'jQuery110108782768436727129_1566034305671', 'method': 'isAlive', '_': '1566034305672'}
[2019-08-17 17:31:45,729](DEBUG)scanSocketServer : start: {"isSuccess": true, "info": "isAlive success", "data": null}
[2019-08-17 17:31:45,729](DEBUG)scanSocketServer : send mes 0
[2019-08-17 17:31:45,729](DEBUG)scanSocketServer : start server
[2019-08-17 17:34:43,395](DEBUG)scanSocketServer : start: {'ds_name': 'Canon DR-C240 TWAIN', 'callback': 'success_jsonpCallback', 'dpi': '200', 'method': 'scan', '_': '1566034305673', 'imageFormat': 'jpg'}
[2019-08-17 17:34:43,397](DEBUG)scanSocketServer : scan time：0
[2019-08-17 17:34:43,398](DEBUG)scanSocketServer : scan: [{'path': 'D:/temp/image/1.jpg'}, {'path': 'D:/temp/image/2.jpg'}, {'path': 'D:/temp/image/3.jpg'}]
[2019-08-17 17:34:43,398](DEBUG)scanSocketServer : start: {"isSuccess": true, "info": "scan success", "data": [{"path": "D:/temp/image/1.jpg"}, {"path": "D:/temp/image/2.jpg"}, {"path": "D:/temp/image/3.jpg"}]}
[2019-08-17 17:34:43,398](DEBUG)scanSocketServer : send mes 0
[2019-08-17 17:34:43,398](DEBUG)scanSocketServer : start server
